
> start
> nodemon app

[33m[nodemon] 3.1.0[39m
[33m[nodemon] to restart at any time, enter `rs`[39m
[33m[nodemon] watching path(s): *.*[39m
[33m[nodemon] watching extensions: js,mjs,cjs,json[39m
[32m[nodemon] starting `node app.js`[39m
node:events:495
      throw er; // Unhandled 'error' event
      ^

Error: EBADF: bad file descriptor, read
Emitted 'error' event on ReadStream instance at:
    at emitErrorNT (node:internal/streams/destroy:151:8)
    at errorOrDestroy (node:internal/streams/destroy:214:7)
    at node:internal/fs/streams:260:9
    at FSReqCallback.wrapper [as oncomplete] (node:fs:677:5) {
  errno: -9,
  code: 'EBADF',
  syscall: 'read'
}

Node.js v18.19.1
node:internal/modules/cjs/loader:1137
  throw err;
  ^

Error: Cannot find module 'mongoose'
Require stack:
- /home/ubuntu/kdt-webproject/server/database/database.js
- /home/ubuntu/kdt-webproject/server/controller/main.js
- /home/ubuntu/kdt-webproject/server/router/main.js
- /home/ubuntu/kdt-webproject/server/router/index.js
- /home/ubuntu/kdt-webproject/app.js
    at Module._resolveFilename (node:internal/modules/cjs/loader:1134:15)
    at Module._load (node:internal/modules/cjs/loader:975:27)
    at Module.require (node:internal/modules/cjs/loader:1225:19)
    at require (node:internal/modules/helpers:177:18)
    at Object.<anonymous> (/home/ubuntu/kdt-webproject/server/database/database.js:3:18)
    at Module._compile (node:internal/modules/cjs/loader:1356:14)
    at Module._extensions..js (node:internal/modules/cjs/loader:1414:10)
    at Module.load (node:internal/modules/cjs/loader:1197:32)
    at Module._load (node:internal/modules/cjs/loader:1013:12)
    at Module.require (node:internal/modules/cjs/loader:1225:19) {
  code: 'MODULE_NOT_FOUND',
  requireStack: [
    '/home/ubuntu/kdt-webproject/server/database/database.js',
    '/home/ubuntu/kdt-webproject/server/controller/main.js',
    '/home/ubuntu/kdt-webproject/server/router/main.js',
    '/home/ubuntu/kdt-webproject/server/router/index.js',
    '/home/ubuntu/kdt-webproject/app.js'
  ]
}

Node.js v18.19.1
